This is pdfTeX, Version 3.141592653-2.6-1.40.22 (TeX Live 2022/dev/Debian) (preloaded format=pdflatex)
 restricted \write18 enabled.
entering extended mode
LaTeX2e <2021-11-15> patch level 1
L3 programming layer <2022-01-21>
(/home/tade/Current/Tails/manuscript/code-repository/analyzeSummaryLevelData/xt
ended_latex_src/fullFigs.tex
(/usr/share/texlive/texmf-dist/tex/latex/base/latexrelease.sty
(/usr/share/texlive/texmf-dist/tex/latex/l3kernel/expl3.ltx)
(/usr/share/texlive/texmf-dist/tex/latex/base/utf8.def
(/usr/share/texlive/texmf-dist/tex/latex/base/omsenc.dfu)
(/usr/share/texlive/texmf-dist/tex/latex/base/ot1enc.dfu)
(/usr/share/texlive/texmf-dist/tex/latex/base/t1enc.dfu)
(/usr/share/texlive/texmf-dist/tex/latex/base/ts1enc.dfu)))
(./zHenriquesLab-StyleBioRxiv.cls
Document Class `HenriquesLab' <18-April-2018>.
Document Class: zHenriquesLab-StyleBioRxiv 2018/04/18 revision by RH
(/usr/share/texlive/texmf-dist/tex/latex/base/article.cls
Document Class: article 2021/10/04 v1.4n Standard LaTeX document class
(/usr/share/texlive/texmf-dist/tex/latex/base/size12.clo))
(/usr/share/texlive/texmf-dist/tex/latex/amsmath/amsmath.sty
For additional information on amsmath, use the `?' option.
(/usr/share/texlive/texmf-dist/tex/latex/amsmath/amstext.sty
(/usr/share/texlive/texmf-dist/tex/latex/amsmath/amsgen.sty))
(/usr/share/texlive/texmf-dist/tex/latex/amsmath/amsbsy.sty)
(/usr/share/texlive/texmf-dist/tex/latex/amsmath/amsopn.sty))
(/usr/share/texlive/texmf-dist/tex/latex/amsfonts/amsfonts.sty)
(/usr/share/texlive/texmf-dist/tex/latex/amsfonts/amssymb.sty)
(/usr/share/texlive/texmf-dist/tex/latex/psnfss/mathptmx.sty)
(/usr/share/texlive/texmf-dist/tex/latex/xcolor/xcolor.sty
(/usr/share/texlive/texmf-dist/tex/latex/graphics-cfg/color.cfg)
(/usr/share/texlive/texmf-dist/tex/latex/graphics-def/pdftex.def))
(/usr/share/texlive/texmf-dist/tex/latex/preprint/authblk.sty)
(/usr/share/texlive/texmf-dist/tex/latex/base/inputenc.sty
(/usr/share/texlive/texmf-dist/tex/latex/base/latin1.def)
(/usr/share/texlive/texmf-dist/tex/latex/base/utf8.def
(/usr/share/texlive/texmf-dist/tex/latex/base/omsenc.dfu)
(/usr/share/texlive/texmf-dist/tex/latex/base/ot1enc.dfu)
(/usr/share/texlive/texmf-dist/tex/latex/base/t1enc.dfu)
(/usr/share/texlive/texmf-dist/tex/latex/base/ts1enc.dfu)))
(/usr/share/texlive/texmf-dist/tex/generic/babel/babel.sty
(/usr/share/texlive/texmf-dist/tex/generic/babel/txtbabel.def)
(/usr/share/texlive/texmf-dist/tex/generic/babel-english/english.ldf))
(/usr/share/texmf/tex/latex/lm/lmodern.sty)
(/usr/share/texlive/texmf-dist/tex/latex/siunitx/siunitx.sty
(/usr/share/texlive/texmf-dist/tex/latex/siunitx/siunitx-v2.sty
(/usr/share/texlive/texmf-dist/tex/latex/l3kernel/expl3.sty
(/usr/share/texlive/texmf-dist/tex/latex/l3backend/l3backend-pdftex.def))
(/usr/share/texlive/texmf-dist/tex/latex/l3packages/xparse/xparse.sty)
(/usr/share/texlive/texmf-dist/tex/latex/tools/array.sty
(/usr/share/texlive/texmf-dist/tex/latex/tools/array-2016-10-06.sty))
(/usr/share/texlive/texmf-dist/tex/latex/l3packages/l3keys2e/l3keys2e.sty

LaTeX Warning: Suspicious rollback/min-date date given
               A minimal date of 2020/02/08 has been specified for package
               'expl3'.
               But this is in conflict with a rollback request to 2020-02-02.

) (/usr/share/texlive/texmf-dist/tex/latex/translator/translator.sty
(/usr/share/texlive/texmf-dist/tex/latex/graphics/keyval.sty))))
(/usr/share/texlive/texmf-dist/tex/latex/textgreek/textgreek.sty
(/usr/share/texlive/texmf-dist/tex/latex/greek-fontenc/lgrenc.def
(/usr/share/texlive/texmf-dist/tex/latex/greek-inputenc/lgrenc.dfu)
(/usr/share/texlive/texmf-dist/tex/latex/greek-fontenc/greek-fontenc.def)))
(/usr/share/texlive/texmf-dist/tex/latex/hyperref/hyperref.sty
(/usr/share/texlive/texmf-dist/tex/generic/ltxcmds/ltxcmds.sty)
(/usr/share/texlive/texmf-dist/tex/generic/iftex/iftex.sty)
(/usr/share/texlive/texmf-dist/tex/generic/pdftexcmds/pdftexcmds.sty
(/usr/share/texlive/texmf-dist/tex/generic/infwarerr/infwarerr.sty))
(/usr/share/texlive/texmf-dist/tex/generic/kvsetkeys/kvsetkeys.sty)
(/usr/share/texlive/texmf-dist/tex/generic/kvdefinekeys/kvdefinekeys.sty)
(/usr/share/texlive/texmf-dist/tex/generic/pdfescape/pdfescape.sty)
(/usr/share/texlive/texmf-dist/tex/latex/hycolor/hycolor.sty)
(/usr/share/texlive/texmf-dist/tex/latex/letltxmacro/letltxmacro.sty)
(/usr/share/texlive/texmf-dist/tex/latex/auxhook/auxhook.sty)
(/usr/share/texlive/texmf-dist/tex/latex/kvoptions/kvoptions.sty)
(/usr/share/texlive/texmf-dist/tex/latex/hyperref/pd1enc.def)
(/usr/share/texlive/texmf-dist/tex/latex/hyperref/hyperref-langpatches.def)
(/usr/share/texlive/texmf-dist/tex/generic/intcalc/intcalc.sty)
(/usr/share/texlive/texmf-dist/tex/generic/etexcmds/etexcmds.sty)
(/usr/share/texlive/texmf-dist/tex/latex/hyperref/puenc.def
(/usr/share/texlive/texmf-dist/tex/latex/hyperref/puenc-greekbasic.def))
(/usr/share/texlive/texmf-dist/tex/latex/url/url.sty)
(/usr/share/texlive/texmf-dist/tex/generic/bitset/bitset.sty
(/usr/share/texlive/texmf-dist/tex/generic/bigintcalc/bigintcalc.sty))
(/usr/share/texlive/texmf-dist/tex/generic/atbegshi/atbegshi.sty))
(/usr/share/texlive/texmf-dist/tex/latex/hyperref/hpdftex.def
(/usr/share/texlive/texmf-dist/tex/latex/atveryend/atveryend.sty)
(/usr/share/texlive/texmf-dist/tex/latex/rerunfilecheck/rerunfilecheck.sty
(/usr/share/texlive/texmf-dist/tex/generic/uniquecounter/uniquecounter.sty)))
(/usr/share/texlive/texmf-dist/tex/latex/cleveref/cleveref.sty)
(/usr/share/texlive/texmf-dist/tex/latex/was/gensymb.sty)
(/usr/share/texlive/texmf-dist/tex/latex/base/textcomp.sty)
(/usr/share/texlive/texmf-dist/tex/latex/mhchem/mhchem.sty
(/usr/share/texlive/texmf-dist/tex/latex/tools/calc.sty)
(/usr/share/texlive/texmf-dist/tex/latex/chemgreek/chemgreek.sty)
(/usr/share/texlive/texmf-dist/tex/latex/graphics/graphics.sty
(/usr/share/texlive/texmf-dist/tex/latex/graphics/trig.sty)
(/usr/share/texlive/texmf-dist/tex/latex/graphics-cfg/graphics.cfg)))
(/usr/share/texlive/texmf-dist/tex/latex/psnfss/helvet.sty)
(/usr/share/texlive/texmf-dist/tex/latex/base/fontenc.sty
(/usr/share/texmf/tex/latex/lm/t1lmr.fd))
(/usr/share/texlive/texmf-dist/tex/latex/lettrine/lettrine.sty
(/usr/share/texlive/texmf-dist/tex/latex/lettrine/lettrine-2018-08-18.sty
(/usr/share/texlive/texmf-dist/tex/generic/minifp/minifp.sty)
Loading lettrine.cfg
(/usr/share/texlive/texmf-dist/tex/latex/lettrine/lettrine.cfg)))
(/usr/share/texlive/texmf-dist/tex/latex/sidecap/sidecap.sty
(/usr/share/texlive/texmf-dist/tex/latex/base/ifthen.sty))
(/usr/share/texlive/texmf-dist/tex/latex/ifsym/ifsym.sty)
(/usr/share/texlive/texmf-dist/tex/latex/bbding/bbding.sty)
(/usr/share/texlive/texmf-dist/tex/latex/caption/caption.sty

LaTeX Warning: Suspicious rollback/min-date date given
               A minimal date of 2020/10/06 has been specified for package
               'caption3'.
               But this is in conflict with a rollback request to 2020-02-02.

(/usr/share/texlive/texmf-dist/tex/latex/caption/caption3.sty)
(/usr/share/texlive/texmf-dist/tex/latex/newfloat/newfloat.sty))
(/usr/share/texlive/texmf-dist/tex/latex/hyperref/nameref.sty
(/usr/share/texlive/texmf-dist/tex/latex/refcount/refcount.sty)
(/usr/share/texlive/texmf-dist/tex/generic/gettitlestring/gettitlestring.sty))
(/usr/share/texlive/texmf-dist/tex/latex/geometry/geometry.sty
(/usr/share/texlive/texmf-dist/tex/generic/iftex/ifvtex.sty))
(/usr/share/texlive/texmf-dist/tex/latex/psnfss/times.sty)
(/usr/share/texlive/texmf-dist/tex/latex/titlesec/titlesec.sty)
(/usr/share/texlive/texmf-dist/tex/latex/xwatermark/xwatermark.sty
(/usr/share/texlive/texmf-dist/tex/latex/catoptions/catoptions.sty)
(/usr/share/texlive/texmf-dist/tex/latex/base/fix-cm.sty
(/usr/share/texlive/texmf-dist/tex/latex/base/ts1enc.def))
(/usr/share/texlive/texmf-dist/tex/latex/picture/picture.sty)
(/usr/share/texlive/texmf-dist/tex/latex/graphics/graphicx.sty)
(/usr/share/texlive/texmf-dist/tex/latex/fancyhdr/fancyhdr.sty)
(/usr/share/texlive/texmf-dist/tex/latex/ltxkeys/ltxkeys.sty)
(/usr/share/texlive/texmf-dist/tex/latex/framed/framed.sty) (./fullFigs.xwm))
(/usr/share/texlive/texmf-dist/tex/latex/tools/verbatim.sty)
(/usr/share/texlive/texmf-dist/tex/latex/cite/chapterbib.sty)
(/usr/share/texlive/texmf-dist/tex/latex/natbib/natbib.sty)
(/usr/share/texlive/texmf-dist/tex/latex/lastpage/lastpage.sty))
(/usr/share/texlive/texmf-dist/tex/latex/relsize/relsize.sty)
(/usr/share/texlive/texmf-dist/tex/latex/multirow/multirow.sty)
(/usr/share/texlive/texmf-dist/tex/latex/xargs/xargs.sty
(/usr/share/texlive/texmf-dist/tex/latex/xkeyval/xkeyval.sty
(/usr/share/texlive/texmf-dist/tex/generic/xkeyval/xkeyval.tex
(/usr/share/texlive/texmf-dist/tex/generic/xkeyval/xkvutils.tex))))
(/usr/share/texlive/texmf-dist/tex/latex/placeins/placeins.sty)
(/usr/share/texlive/texmf-dist/tex/latex/amscls/amsthm.sty)
(/usr/share/texlive/texmf-dist/tex/latex/environ/environ.sty
(/usr/share/texlive/texmf-dist/tex/latex/trimspaces/trimspaces.sty))
(/usr/share/texlive/texmf-dist/tex/latex/etoolbox/etoolbox.sty)
(/usr/share/texlive/texmf-dist/tex/latex/lineno/lineno.sty)
(/usr/share/texlive/texmf-dist/tex/latex/float/float.sty)

LaTeX Warning: Unused global option(s):
    [12pt].

(./fullFigs.aux

LaTeX Warning: Label `sec:supplement' multiply defined.


LaTeX Warning: Label `sec:supplement@cref' multiply defined.


LaTeX Warning: Label `sec:supplement' multiply defined.


LaTeX Warning: Label `sec:supplement@cref' multiply defined.

) (/usr/share/texlive/texmf-dist/tex/latex/cbfonts-fd/lgrcmr.fd)
(/usr/share/texlive/texmf-dist/tex/latex/psnfss/t1ptm.fd)
(/usr/share/texlive/texmf-dist/tex/context/base/mkii/supp-pdf.mkii
[Loading MPS to PDF converter (version 2006.09.02).]
) (/usr/share/texlive/texmf-dist/tex/latex/epstopdf-pkg/epstopdf-base.sty
(/usr/share/texlive/texmf-dist/tex/latex/latexconfig/epstopdf-sys.cfg))
(/usr/share/texlive/texmf-dist/tex/latex/translator/translator-basic-dictionary
-English.dict)
(/usr/share/texlive/texmf-dist/tex/latex/siunitx/siunitx-abbreviations.cfg)
(./fullFigs.out) (./fullFigs.out)
(/usr/share/texlive/texmf-dist/tex/latex/ragged2e/ragged2e.sty
(/usr/share/texlive/texmf-dist/tex/latex/everysel/everysel.sty
(/usr/share/texlive/texmf-dist/tex/latex/everysel/everysel-2011-10-28.sty
ABD: EverySelectfont initializing macros)))
*geometry* driver: auto-detecting
*geometry* detected driver: pdftex
(/usr/share/texmf/tex/latex/lm/ot1lmr.fd)
(/usr/share/texmf/tex/latex/lm/omllmm.fd)
(/usr/share/texmf/tex/latex/lm/omslmsy.fd)
(/usr/share/texmf/tex/latex/lm/omxlmex.fd)
(/usr/share/texlive/texmf-dist/tex/latex/psnfss/ot1ptm.fd)
(/usr/share/texlive/texmf-dist/tex/latex/psnfss/ts1ptm.fd)
(/usr/share/texmf/tex/latex/lm/ot1lmss.fd)
(/usr/share/texmf/tex/latex/lm/ot1lmtt.fd)
(/usr/share/texlive/texmf-dist/tex/latex/psnfss/t1phv.fd)

LaTeX Warning: `!h' float specifier changed to `!ht'.


LaTeX Warning: `!h' float specifier changed to `!ht'.

[1{/var/lib/texmf/fonts/map/pdftex/updmap/pdftex.map} </home/tade/Current/Tails
/manuscript/code-repository/analyzeSummaryLevelData/xtended_latex_src/../output
_figs/main1.pdf>] [2 </home/tade/Current/Tails/manuscript/code-repository/analy
zeSummaryLevelData/xtended_latex_src/../output_figs/main2.pdf>] [3 </home/tade/
Current/Tails/manuscript/code-repository/analyzeSummaryLevelData/xtended_latex_
src/../output_figs/main3.pdf>]

LaTeX Warning: `!h' float specifier changed to `!ht'.

[4 </home/tade/Current/Tails/manuscript/code-repository/analyzeSummaryLevelData
/xtended_latex_src/../output_figs/main4.pdf>] [5 </home/tade/Current/Tails/manu
script/code-repository/analyzeSummaryLevelData/xtended_latex_src/../output_figs
/main5.pdf>] [6 </home/tade/Current/Tails/manuscript/code-repository/analyzeSum
maryLevelData/xtended_latex_src/../output_figs/xtd1.pdf>] [7 </home/tade/Curren
t/Tails/manuscript/code-repository/analyzeSummaryLevelData/xtended_latex_src/..
/output_figs/xtd2.pdf>]

LaTeX Warning: Float too large for page by 27.91208pt on input line 165.


LaTeX Warning: `!h' float specifier changed to `!ht'.

[8 </home/tade/Current/Tails/manuscript/code-repository/analyzeSummaryLevelData
/xtended_latex_src/../output_figs/xtd3.pdf>]

LaTeX Warning: Float too large for page by 0.91208pt on input line 176.


LaTeX Warning: `!h' float specifier changed to `!ht'.

[9 </home/tade/Current/Tails/manuscript/code-repository/analyzeSummaryLevelData
/xtended_latex_src/../output_figs/xtd4.pdf>]

LaTeX Warning: `!h' float specifier changed to `!ht'.

[10 </home/tade/Current/Tails/manuscript/code-repository/analyzeSummaryLevelDat
a/xtended_latex_src/../output_figs/xtd5.pdf>] [11 </home/tade/Current/Tails/man
uscript/code-repository/analyzeSummaryLevelData/xtended_latex_src/../output_fig
s/xtd6.pdf>]

LaTeX Warning: `!h' float specifier changed to `!ht'.

[12 </home/tade/Current/Tails/manuscript/code-repository/analyzeSummaryLevelDat
a/xtended_latex_src/../output_figs/xtd7.pdf>] [13 </home/tade/Current/Tails/man
uscript/code-repository/analyzeSummaryLevelData/xtended_latex_src/../output_fig
s/xtd8.pdf>]

LaTeX Warning: Float too large for page by 23.63762pt on input line 226.


LaTeX Warning: `!h' float specifier changed to `!ht'.

[14 </home/tade/Current/Tails/manuscript/code-repository/analyzeSummaryLevelDat
a/xtended_latex_src/../output_figs/xtd9.pdf>] [15 </home/tade/Current/Tails/man
uscript/code-repository/analyzeSummaryLevelData/xtended_latex_src/../output_fig
s/xtd10.pdf>]

Package natbib Warning: Citation `Sanjak2018' on page 16 undefined on input lin
e 265.


Package natbib Warning: Citation `Sanjak2018' on page 16 undefined on input lin
e 265.


Package natbib Warning: Citation `Sanjak2018' on page 16 undefined on input lin
e 265.


Package natbib Warning: Citation `Sanjak2018' on page 16 undefined on input lin
e 265.

[16 </home/tade/Current/Tails/manuscript/code-repository/analyzeSummaryLevelDat
a/xtended_latex_src/../output_figs/sup1.pdf>] [17 </home/tade/Current/Tails/man
uscript/code-repository/analyzeSummaryLevelData/xtended_latex_src/../output_fig
s/sup2.pdf>]

Package caption Warning: Unused \captionsetup[schematic] on input line 22.
See the caption package documentation for explanation.


Package natbib Warning: There were undefined citations.


AED: lastpage setting LastPage
(./fullFigs.xwm) (./fullFigs.aux)

LaTeX Warning: There were multiply-defined labels.

 )
(\end occurred when \ifdefined on line 31 was incomplete){/usr/share/texlive/te
xmf-dist/fonts/enc/dvips/base/8r.enc}{/usr/share/texmf/fonts/enc/dvips/lm/lm-rm
.enc}{/usr/share/texmf/fonts/enc/dvips/lm/lm-mathsy.enc}{/usr/share/texmf/fonts
/enc/dvips/lm/lm-mathit.enc}</usr/share/texmf/fonts/type1/public/lm/lmmi8.pfb><
/usr/share/texmf/fonts/type1/public/lm/lmr6.pfb></usr/share/texmf/fonts/type1/p
ublic/lm/lmr8.pfb></usr/share/texmf/fonts/type1/public/lm/lmsy6.pfb></usr/share
/texmf/fonts/type1/public/lm/lmsy8.pfb></usr/share/texlive/texmf-dist/fonts/typ
e1/urw/helvetic/uhvb8a.pfb></usr/share/texlive/texmf-dist/fonts/type1/urw/helve
tic/uhvr8a.pfb></usr/share/texlive/texmf-dist/fonts/type1/urw/helvetic/uhvro8a.
pfb></usr/share/texlive/texmf-dist/fonts/type1/urw/times/utmb8a.pfb>
Output written on fullFigs.pdf (17 pages, 3004484 bytes).
Transcript written on fullFigs.log.
