This is BibTeX, Version 0.99d (TeX Live 2022/dev/Debian)
The top-level auxiliary file: tails_revised.aux
The style file: zHenriquesLab-StyleBib.bst
Database file #1: refs.bib
This is pdfTeX, Version 3.141592653-2.6-1.40.22 (TeX Live 2022/dev/Debian) (preloaded format=pdflatex)
 restricted \write18 enabled.
entering extended mode
(./tails_revised.tex
LaTeX2e <2021-11-15> patch level 1
L3 programming layer <2022-01-21>
(/usr/share/texlive/texmf-dist/tex/latex/base/latexrelease.sty
(/usr/share/texlive/texmf-dist/tex/latex/l3kernel/expl3.ltx)
(/usr/share/texlive/texmf-dist/tex/latex/base/utf8.def
(/usr/share/texlive/texmf-dist/tex/latex/base/omsenc.dfu)
(/usr/share/texlive/texmf-dist/tex/latex/base/ot1enc.dfu)
(/usr/share/texlive/texmf-dist/tex/latex/base/t1enc.dfu)
(/usr/share/texlive/texmf-dist/tex/latex/base/ts1enc.dfu)))
(./zHenriquesLab-StyleBioRxiv.cls
Document Class `HenriquesLab' <18-April-2018>.
Document Class: zHenriquesLab-StyleBioRxiv 2018/04/18 revision by RH
(/usr/share/texlive/texmf-dist/tex/latex/base/article.cls
Document Class: article 2021/10/04 v1.4n Standard LaTeX document class
(/usr/share/texlive/texmf-dist/tex/latex/base/size12.clo))
(/usr/share/texlive/texmf-dist/tex/latex/amsmath/amsmath.sty
For additional information on amsmath, use the `?' option.
(/usr/share/texlive/texmf-dist/tex/latex/amsmath/amstext.sty
(/usr/share/texlive/texmf-dist/tex/latex/amsmath/amsgen.sty))
(/usr/share/texlive/texmf-dist/tex/latex/amsmath/amsbsy.sty)
(/usr/share/texlive/texmf-dist/tex/latex/amsmath/amsopn.sty))
(/usr/share/texlive/texmf-dist/tex/latex/amsfonts/amsfonts.sty)
(/usr/share/texlive/texmf-dist/tex/latex/amsfonts/amssymb.sty)
(/usr/share/texlive/texmf-dist/tex/latex/psnfss/mathptmx.sty)
(/usr/share/texlive/texmf-dist/tex/latex/xcolor/xcolor.sty
(/usr/share/texlive/texmf-dist/tex/latex/graphics-cfg/color.cfg)
(/usr/share/texlive/texmf-dist/tex/latex/graphics-def/pdftex.def))
(/usr/share/texlive/texmf-dist/tex/latex/preprint/authblk.sty)
(/usr/share/texlive/texmf-dist/tex/latex/base/inputenc.sty
(/usr/share/texlive/texmf-dist/tex/latex/base/latin1.def)
(/usr/share/texlive/texmf-dist/tex/latex/base/utf8.def
(/usr/share/texlive/texmf-dist/tex/latex/base/omsenc.dfu)
(/usr/share/texlive/texmf-dist/tex/latex/base/ot1enc.dfu)
(/usr/share/texlive/texmf-dist/tex/latex/base/t1enc.dfu)
(/usr/share/texlive/texmf-dist/tex/latex/base/ts1enc.dfu)))
(/usr/share/texlive/texmf-dist/tex/generic/babel/babel.sty
(/usr/share/texlive/texmf-dist/tex/generic/babel/txtbabel.def)
(/usr/share/texlive/texmf-dist/tex/generic/babel-english/english.ldf))
(/usr/share/texmf/tex/latex/lm/lmodern.sty)
(/usr/share/texlive/texmf-dist/tex/latex/siunitx/siunitx.sty
(/usr/share/texlive/texmf-dist/tex/latex/siunitx/siunitx-v2.sty
(/usr/share/texlive/texmf-dist/tex/latex/l3kernel/expl3.sty
(/usr/share/texlive/texmf-dist/tex/latex/l3backend/l3backend-pdftex.def))
(/usr/share/texlive/texmf-dist/tex/latex/l3packages/xparse/xparse.sty)
(/usr/share/texlive/texmf-dist/tex/latex/tools/array.sty
(/usr/share/texlive/texmf-dist/tex/latex/tools/array-2016-10-06.sty))
(/usr/share/texlive/texmf-dist/tex/latex/l3packages/l3keys2e/l3keys2e.sty

LaTeX Warning: Suspicious rollback/min-date date given
               A minimal date of 2020/02/08 has been specified for package
               'expl3'.
               But this is in conflict with a rollback request to 2020-02-02.

) (/usr/share/texlive/texmf-dist/tex/latex/translator/translator.sty
(/usr/share/texlive/texmf-dist/tex/latex/graphics/keyval.sty))))
(/usr/share/texlive/texmf-dist/tex/latex/textgreek/textgreek.sty
(/usr/share/texlive/texmf-dist/tex/latex/greek-fontenc/lgrenc.def
(/usr/share/texlive/texmf-dist/tex/latex/greek-inputenc/lgrenc.dfu)
(/usr/share/texlive/texmf-dist/tex/latex/greek-fontenc/greek-fontenc.def)))
(/usr/share/texlive/texmf-dist/tex/latex/hyperref/hyperref.sty
(/usr/share/texlive/texmf-dist/tex/generic/ltxcmds/ltxcmds.sty)
(/usr/share/texlive/texmf-dist/tex/generic/iftex/iftex.sty)
(/usr/share/texlive/texmf-dist/tex/generic/pdftexcmds/pdftexcmds.sty
(/usr/share/texlive/texmf-dist/tex/generic/infwarerr/infwarerr.sty))
(/usr/share/texlive/texmf-dist/tex/generic/kvsetkeys/kvsetkeys.sty)
(/usr/share/texlive/texmf-dist/tex/generic/kvdefinekeys/kvdefinekeys.sty)
(/usr/share/texlive/texmf-dist/tex/generic/pdfescape/pdfescape.sty)
(/usr/share/texlive/texmf-dist/tex/latex/hycolor/hycolor.sty)
(/usr/share/texlive/texmf-dist/tex/latex/letltxmacro/letltxmacro.sty)
(/usr/share/texlive/texmf-dist/tex/latex/auxhook/auxhook.sty)
(/usr/share/texlive/texmf-dist/tex/latex/kvoptions/kvoptions.sty)
(/usr/share/texlive/texmf-dist/tex/latex/hyperref/pd1enc.def)
(/usr/share/texlive/texmf-dist/tex/latex/hyperref/hyperref-langpatches.def)
(/usr/share/texlive/texmf-dist/tex/generic/intcalc/intcalc.sty)
(/usr/share/texlive/texmf-dist/tex/generic/etexcmds/etexcmds.sty)
(/usr/share/texlive/texmf-dist/tex/latex/hyperref/puenc.def
(/usr/share/texlive/texmf-dist/tex/latex/hyperref/puenc-greekbasic.def))
(/usr/share/texlive/texmf-dist/tex/latex/url/url.sty)
(/usr/share/texlive/texmf-dist/tex/generic/bitset/bitset.sty
(/usr/share/texlive/texmf-dist/tex/generic/bigintcalc/bigintcalc.sty))
(/usr/share/texlive/texmf-dist/tex/generic/atbegshi/atbegshi.sty))
(/usr/share/texlive/texmf-dist/tex/latex/hyperref/hpdftex.def
(/usr/share/texlive/texmf-dist/tex/latex/atveryend/atveryend.sty)
(/usr/share/texlive/texmf-dist/tex/latex/rerunfilecheck/rerunfilecheck.sty
(/usr/share/texlive/texmf-dist/tex/generic/uniquecounter/uniquecounter.sty)))
(/usr/share/texlive/texmf-dist/tex/latex/cleveref/cleveref.sty)
(/usr/share/texlive/texmf-dist/tex/latex/was/gensymb.sty)
(/usr/share/texlive/texmf-dist/tex/latex/base/textcomp.sty)
(/usr/share/texlive/texmf-dist/tex/latex/mhchem/mhchem.sty
(/usr/share/texlive/texmf-dist/tex/latex/tools/calc.sty)
(/usr/share/texlive/texmf-dist/tex/latex/chemgreek/chemgreek.sty)
(/usr/share/texlive/texmf-dist/tex/latex/graphics/graphics.sty
(/usr/share/texlive/texmf-dist/tex/latex/graphics/trig.sty)
(/usr/share/texlive/texmf-dist/tex/latex/graphics-cfg/graphics.cfg)))
(/usr/share/texlive/texmf-dist/tex/latex/psnfss/helvet.sty)
(/usr/share/texlive/texmf-dist/tex/latex/base/fontenc.sty
(/usr/share/texmf/tex/latex/lm/t1lmr.fd))
(/usr/share/texlive/texmf-dist/tex/latex/lettrine/lettrine.sty
(/usr/share/texlive/texmf-dist/tex/latex/lettrine/lettrine-2018-08-18.sty
(/usr/share/texlive/texmf-dist/tex/generic/minifp/minifp.sty)
Loading lettrine.cfg
(/usr/share/texlive/texmf-dist/tex/latex/lettrine/lettrine.cfg)))
(/usr/share/texlive/texmf-dist/tex/latex/sidecap/sidecap.sty
(/usr/share/texlive/texmf-dist/tex/latex/base/ifthen.sty))
(/usr/share/texlive/texmf-dist/tex/latex/ifsym/ifsym.sty)
(/usr/share/texlive/texmf-dist/tex/latex/bbding/bbding.sty)
(/usr/share/texlive/texmf-dist/tex/latex/caption/caption.sty

LaTeX Warning: Suspicious rollback/min-date date given
               A minimal date of 2020/10/06 has been specified for package
               'caption3'.
               But this is in conflict with a rollback request to 2020-02-02.

(/usr/share/texlive/texmf-dist/tex/latex/caption/caption3.sty)
(/usr/share/texlive/texmf-dist/tex/latex/newfloat/newfloat.sty))
(/usr/share/texlive/texmf-dist/tex/latex/hyperref/nameref.sty
(/usr/share/texlive/texmf-dist/tex/latex/refcount/refcount.sty)
(/usr/share/texlive/texmf-dist/tex/generic/gettitlestring/gettitlestring.sty))
(/usr/share/texlive/texmf-dist/tex/latex/geometry/geometry.sty
(/usr/share/texlive/texmf-dist/tex/generic/iftex/ifvtex.sty))
(/usr/share/texlive/texmf-dist/tex/latex/psnfss/times.sty)
(/usr/share/texlive/texmf-dist/tex/latex/titlesec/titlesec.sty)
(/usr/share/texlive/texmf-dist/tex/latex/xwatermark/xwatermark.sty
(/usr/share/texlive/texmf-dist/tex/latex/catoptions/catoptions.sty)
(/usr/share/texlive/texmf-dist/tex/latex/base/fix-cm.sty
(/usr/share/texlive/texmf-dist/tex/latex/base/ts1enc.def))
(/usr/share/texlive/texmf-dist/tex/latex/picture/picture.sty)
(/usr/share/texlive/texmf-dist/tex/latex/graphics/graphicx.sty)
(/usr/share/texlive/texmf-dist/tex/latex/fancyhdr/fancyhdr.sty)
(/usr/share/texlive/texmf-dist/tex/latex/ltxkeys/ltxkeys.sty)
(/usr/share/texlive/texmf-dist/tex/latex/framed/framed.sty)
(./tails_revised.xwm))
(/usr/share/texlive/texmf-dist/tex/latex/tools/verbatim.sty)
(/usr/share/texlive/texmf-dist/tex/latex/cite/chapterbib.sty)
(/usr/share/texlive/texmf-dist/tex/latex/natbib/natbib.sty)
(/usr/share/texlive/texmf-dist/tex/latex/lastpage/lastpage.sty))
(/usr/share/texlive/texmf-dist/tex/latex/relsize/relsize.sty)
(/usr/share/texlive/texmf-dist/tex/latex/multirow/multirow.sty)
(/usr/share/texlive/texmf-dist/tex/latex/xargs/xargs.sty
(/usr/share/texlive/texmf-dist/tex/latex/xkeyval/xkeyval.sty
(/usr/share/texlive/texmf-dist/tex/generic/xkeyval/xkeyval.tex
(/usr/share/texlive/texmf-dist/tex/generic/xkeyval/xkvutils.tex))))
(/usr/share/texlive/texmf-dist/tex/latex/placeins/placeins.sty)
(/usr/share/texlive/texmf-dist/tex/latex/amscls/amsthm.sty)
(/usr/share/texlive/texmf-dist/tex/latex/environ/environ.sty
(/usr/share/texlive/texmf-dist/tex/latex/trimspaces/trimspaces.sty))
(/usr/share/texlive/texmf-dist/tex/latex/etoolbox/etoolbox.sty)
(/usr/share/texlive/texmf-dist/tex/latex/lineno/lineno.sty)

LaTeX Warning: Unused global option(s):
    [12pt].

(./tails_revised.aux

LaTeX Warning: Label `sec:supplement' multiply defined.


LaTeX Warning: Label `sec:supplement@cref' multiply defined.


LaTeX Warning: Label `sec:supplement' multiply defined.


LaTeX Warning: Label `sec:supplement@cref' multiply defined.

) (/usr/share/texlive/texmf-dist/tex/latex/cbfonts-fd/lgrcmr.fd)
(/usr/share/texlive/texmf-dist/tex/latex/psnfss/t1ptm.fd)
(/usr/share/texlive/texmf-dist/tex/context/base/mkii/supp-pdf.mkii
[Loading MPS to PDF converter (version 2006.09.02).]
) (/usr/share/texlive/texmf-dist/tex/latex/epstopdf-pkg/epstopdf-base.sty
(/usr/share/texlive/texmf-dist/tex/latex/latexconfig/epstopdf-sys.cfg))
(/usr/share/texlive/texmf-dist/tex/latex/translator/translator-basic-dictionary
-English.dict)
(/usr/share/texlive/texmf-dist/tex/latex/siunitx/siunitx-abbreviations.cfg)
(./tails_revised.out) (./tails_revised.out)
(/usr/share/texlive/texmf-dist/tex/latex/ragged2e/ragged2e.sty
(/usr/share/texlive/texmf-dist/tex/latex/everysel/everysel.sty
(/usr/share/texlive/texmf-dist/tex/latex/everysel/everysel-2011-10-28.sty
ABD: EverySelectfont initializing macros)))
*geometry* driver: auto-detecting
*geometry* detected driver: pdftex
(/usr/share/texmf/tex/latex/lm/ot1lmr.fd)
(/usr/share/texmf/tex/latex/lm/omllmm.fd)
(/usr/share/texmf/tex/latex/lm/omslmsy.fd)
(/usr/share/texmf/tex/latex/lm/omxlmex.fd)
(/usr/share/texlive/texmf-dist/tex/latex/psnfss/ot1ptm.fd)
(/usr/share/texlive/texmf-dist/tex/latex/psnfss/ts1ptm.fd)
(/usr/share/texmf/tex/latex/lm/ot1lmss.fd)
(/usr/share/texmf/tex/latex/lm/ot1lmtt.fd)
(/usr/share/texlive/texmf-dist/tex/latex/psnfss/t1phv.fd)
(/usr/share/texlive/texmf-dist/tex/latex/ifsym/uifsym.fd)
(/usr/share/texlive/texmf-dist/tex/latex/psnfss/t1pcr.fd) [1{/var/lib/texmf/fon
ts/map/pdftex/updmap/pdftex.map}]

LaTeX Warning: `!h' float specifier changed to `!ht'.


Underfull \vbox (badness 10000) has occurred while \output is active [2]
[3 <./Figures/Fig1.pdf>]

LaTeX Warning: `!h' float specifier changed to `!ht'.


Underfull \vbox (badness 7740) has occurred while \output is active [4]
Underfull \vbox (badness 10000) has occurred while \output is active [5 <./Figu
res/Fig2.pdf>] [6]

LaTeX Warning: Float too large for page by 4.5054pt on input line 477.


Underfull \vbox (badness 10000) has occurred while \output is active [7 <./Figu
res/Fig3.pdf>]

LaTeX Warning: `!h' float specifier changed to `!ht'.

[8] [9 <./Figures/Fig4a.pdf>]

LaTeX Warning: `!h' float specifier changed to `!ht'.

[10] [11 <./Figures/Fig5a.pdf>] [12]
Underfull \vbox (badness 10000) has occurred while \output is active [13]
[14]
Underfull \vbox (badness 1546) has occurred while \output is active [15]
[16] [17] [18] [19] [20] [21] [22] [23] [24] [25] [26]
Underfull \hbox (badness 10000) in paragraph at lines 1650--1652
\T1/ptm/m/n/12 A nextflow pipeline to run all anal-y-ses, with R code to run th
e POPout test

Underfull \hbox (badness 10000) in paragraph at lines 1650--1652
\T1/ptm/m/n/12 (on phe-no-type and PRS data) and python code to run trait QC ca
n found here:

Underfull \hbox (badness 10000) in paragraph at lines 1655--1664

(./tails_revised.bbl [27]
Overfull \hbox (39.77083pt too wide) in paragraph at lines 197--200
[]\T1/phv/m/n/9 Information for Re-searchers.  Ukb geno-typ-ing and qual-ity co
n-trol (v.1.2): https://biobank.ctsu.ox.ac.uk/crystal/crystal/docs/genotyping_q
c.pdf,

Underfull \vbox (badness 10000) has occurred while \output is active [28])
[29] [30 <./Figures/Sup1.pdf>]

LaTeX Warning: `!h' float specifier changed to `!ht'.

[31 <./Figures/specialPreds.pdf>]

LaTeX Warning: `!h' float specifier changed to `!ht'.

[32 <./Figures/commonThresh.pdf>] [33 <./Figures/nexusSupplement.pdf>] [34 <./F
igures/vishtable.pdf>]

LaTeX Warning: `!h' float specifier changed to `!ht'.

[35 <./Figures/bictable.pdf>]

LaTeX Warning: Text page 36 contains only floats.


Underfull \vbox (badness 3646) has occurred while \output is active [36 <./Figu
res/Fig4gAlt.pdf>]

LaTeX Warning: `!h' float specifier changed to `!ht'.

[37 <./Figures/cliveh2.pdf>]

LaTeX Warning: `!h' float specifier changed to `!ht'.

[38 <./Figures/sup_anil1.pdf> <./Figures/sup_anil2.pdf>] [39 <./Figures/sup_ani
l3.pdf>]

LaTeX Warning: `!h' float specifier changed to `!ht'.

[40]

LaTeX Warning: Text page 41 contains only floats.


Overfull \vbox (6.07718pt too high) has occurred while \output is active
[41 <./Figures/sup0.1.pdf>]

LaTeX Warning: `!h' float specifier changed to `!ht'.

[42 <./Figures/sup0.2.pdf>]

LaTeX Warning: Text page 43 contains only floats.


Overfull \vbox (6.07718pt too high) has occurred while \output is active
[43 <./Figures/sup0.3.pdf>] 
AED: lastpage setting LastPage
(./tails_revised.xwm) (./tails_revised.aux)

LaTeX Warning: There were multiply-defined labels.

 )
(\end occurred inside a group at level 2)

### simple group (level 2) entered at line 195 ({)
### simple group (level 1) entered at line 150 ({)
### bottom level
(\end occurred when \ifdefined on line 31 was incomplete)
(see the transcript file for additional information){/usr/share/texmf/fonts/enc
/dvips/lm/lm-rm.enc}{/usr/share/texmf/fonts/enc/dvips/lm/lm-mathit.enc}{/usr/sh
are/texlive/texmf-dist/fonts/enc/dvips/base/8r.enc}{/usr/share/texmf/fonts/enc/
dvips/lm/lm-mathex.enc}{/usr/share/texmf/fonts/enc/dvips/lm/lm-mathsy.enc} </ho
me/tade/.texlive2021/texmf-var/fonts/pk/ljfour/public/ifsym/ifsym10.420pk></usr
/share/texlive/texmf-dist/fonts/type1/public/amsfonts/cm/cmmi10.pfb></usr/share
/texlive/texmf-dist/fonts/type1/public/amsfonts/cm/cmmi12.pfb></usr/share/texli
ve/texmf-dist/fonts/type1/public/amsfonts/cm/cmr10.pfb></usr/share/texlive/texm
f-dist/fonts/type1/public/amsfonts/cm/cmr12.pfb></usr/share/texlive/texmf-dist/
fonts/type1/public/amsfonts/cm/cmss12.pfb></usr/share/texlive/texmf-dist/fonts/
type1/public/amsfonts/cm/cmss17.pfb></usr/share/texlive/texmf-dist/fonts/type1/
public/amsfonts/cm/cmsy10.pfb></usr/share/texmf/fonts/type1/public/lm/lmex10.pf
b></usr/share/texmf/fonts/type1/public/lm/lmmi10.pfb></usr/share/texmf/fonts/ty
pe1/public/lm/lmmi12.pfb></usr/share/texmf/fonts/type1/public/lm/lmmi7.pfb></us
r/share/texmf/fonts/type1/public/lm/lmmi8.pfb></usr/share/texmf/fonts/type1/pub
lic/lm/lmmi9.pfb></usr/share/texmf/fonts/type1/public/lm/lmr10.pfb></usr/share/
texmf/fonts/type1/public/lm/lmr12.pfb></usr/share/texmf/fonts/type1/public/lm/l
mr7.pfb></usr/share/texmf/fonts/type1/public/lm/lmr9.pfb></usr/share/texmf/font
s/type1/public/lm/lmsy10.pfb></usr/share/texmf/fonts/type1/public/lm/lmsy9.pfb>
</usr/share/texlive/texmf-dist/fonts/type1/urw/courier/ucrbo8a.pfb></usr/share/
texlive/texmf-dist/fonts/type1/urw/courier/ucrr8a.pfb></usr/share/texlive/texmf
-dist/fonts/type1/urw/helvetic/uhvb8a.pfb></usr/share/texlive/texmf-dist/fonts/
type1/urw/helvetic/uhvbo8a.pfb></usr/share/texlive/texmf-dist/fonts/type1/urw/h
elvetic/uhvr8a.pfb></usr/share/texlive/texmf-dist/fonts/type1/urw/helvetic/uhvr
o8a.pfb></usr/share/texlive/texmf-dist/fonts/type1/urw/times/utmb8a.pfb></usr/s
hare/texlive/texmf-dist/fonts/type1/urw/times/utmbi8a.pfb></usr/share/texlive/t
exmf-dist/fonts/type1/urw/times/utmr8a.pfb></usr/share/texlive/texmf-dist/fonts
/type1/urw/times/utmri8a.pfb>
Output written on tails_revised.pdf (43 pages, 4257209 bytes).
Transcript written on tails_revised.log.
This is BibTeX, Version 0.99d (TeX Live 2022/dev/Debian)
The top-level auxiliary file: tails_revised.aux
The style file: zHenriquesLab-StyleBib.bst
Database file #1: refs.bib
This is pdfTeX, Version 3.141592653-2.6-1.40.22 (TeX Live 2022/dev/Debian) (preloaded format=pdflatex)
 restricted \write18 enabled.
entering extended mode
(./tails_revised.tex
LaTeX2e <2021-11-15> patch level 1
L3 programming layer <2022-01-21>
(/usr/share/texlive/texmf-dist/tex/latex/base/latexrelease.sty
(/usr/share/texlive/texmf-dist/tex/latex/l3kernel/expl3.ltx)
(/usr/share/texlive/texmf-dist/tex/latex/base/utf8.def
(/usr/share/texlive/texmf-dist/tex/latex/base/omsenc.dfu)
(/usr/share/texlive/texmf-dist/tex/latex/base/ot1enc.dfu)
(/usr/share/texlive/texmf-dist/tex/latex/base/t1enc.dfu)
(/usr/share/texlive/texmf-dist/tex/latex/base/ts1enc.dfu)))
(./zHenriquesLab-StyleBioRxiv.cls
Document Class `HenriquesLab' <18-April-2018>.
Document Class: zHenriquesLab-StyleBioRxiv 2018/04/18 revision by RH
(/usr/share/texlive/texmf-dist/tex/latex/base/article.cls
Document Class: article 2021/10/04 v1.4n Standard LaTeX document class
(/usr/share/texlive/texmf-dist/tex/latex/base/size12.clo))
(/usr/share/texlive/texmf-dist/tex/latex/amsmath/amsmath.sty
For additional information on amsmath, use the `?' option.
(/usr/share/texlive/texmf-dist/tex/latex/amsmath/amstext.sty
(/usr/share/texlive/texmf-dist/tex/latex/amsmath/amsgen.sty))
(/usr/share/texlive/texmf-dist/tex/latex/amsmath/amsbsy.sty)
(/usr/share/texlive/texmf-dist/tex/latex/amsmath/amsopn.sty))
(/usr/share/texlive/texmf-dist/tex/latex/amsfonts/amsfonts.sty)
(/usr/share/texlive/texmf-dist/tex/latex/amsfonts/amssymb.sty)
(/usr/share/texlive/texmf-dist/tex/latex/psnfss/mathptmx.sty)
(/usr/share/texlive/texmf-dist/tex/latex/xcolor/xcolor.sty
(/usr/share/texlive/texmf-dist/tex/latex/graphics-cfg/color.cfg)
(/usr/share/texlive/texmf-dist/tex/latex/graphics-def/pdftex.def))
(/usr/share/texlive/texmf-dist/tex/latex/preprint/authblk.sty)
(/usr/share/texlive/texmf-dist/tex/latex/base/inputenc.sty
(/usr/share/texlive/texmf-dist/tex/latex/base/latin1.def)
(/usr/share/texlive/texmf-dist/tex/latex/base/utf8.def
(/usr/share/texlive/texmf-dist/tex/latex/base/omsenc.dfu)
(/usr/share/texlive/texmf-dist/tex/latex/base/ot1enc.dfu)
(/usr/share/texlive/texmf-dist/tex/latex/base/t1enc.dfu)
(/usr/share/texlive/texmf-dist/tex/latex/base/ts1enc.dfu)))
(/usr/share/texlive/texmf-dist/tex/generic/babel/babel.sty
(/usr/share/texlive/texmf-dist/tex/generic/babel/txtbabel.def)
(/usr/share/texlive/texmf-dist/tex/generic/babel-english/english.ldf))
(/usr/share/texmf/tex/latex/lm/lmodern.sty)
(/usr/share/texlive/texmf-dist/tex/latex/siunitx/siunitx.sty
(/usr/share/texlive/texmf-dist/tex/latex/siunitx/siunitx-v2.sty
(/usr/share/texlive/texmf-dist/tex/latex/l3kernel/expl3.sty
(/usr/share/texlive/texmf-dist/tex/latex/l3backend/l3backend-pdftex.def))
(/usr/share/texlive/texmf-dist/tex/latex/l3packages/xparse/xparse.sty)
(/usr/share/texlive/texmf-dist/tex/latex/tools/array.sty
(/usr/share/texlive/texmf-dist/tex/latex/tools/array-2016-10-06.sty))
(/usr/share/texlive/texmf-dist/tex/latex/l3packages/l3keys2e/l3keys2e.sty

LaTeX Warning: Suspicious rollback/min-date date given
               A minimal date of 2020/02/08 has been specified for package
               'expl3'.
               But this is in conflict with a rollback request to 2020-02-02.

) (/usr/share/texlive/texmf-dist/tex/latex/translator/translator.sty
(/usr/share/texlive/texmf-dist/tex/latex/graphics/keyval.sty))))
(/usr/share/texlive/texmf-dist/tex/latex/textgreek/textgreek.sty
(/usr/share/texlive/texmf-dist/tex/latex/greek-fontenc/lgrenc.def
(/usr/share/texlive/texmf-dist/tex/latex/greek-inputenc/lgrenc.dfu)
(/usr/share/texlive/texmf-dist/tex/latex/greek-fontenc/greek-fontenc.def)))
(/usr/share/texlive/texmf-dist/tex/latex/hyperref/hyperref.sty
(/usr/share/texlive/texmf-dist/tex/generic/ltxcmds/ltxcmds.sty)
(/usr/share/texlive/texmf-dist/tex/generic/iftex/iftex.sty)
(/usr/share/texlive/texmf-dist/tex/generic/pdftexcmds/pdftexcmds.sty
(/usr/share/texlive/texmf-dist/tex/generic/infwarerr/infwarerr.sty))
(/usr/share/texlive/texmf-dist/tex/generic/kvsetkeys/kvsetkeys.sty)
(/usr/share/texlive/texmf-dist/tex/generic/kvdefinekeys/kvdefinekeys.sty)
(/usr/share/texlive/texmf-dist/tex/generic/pdfescape/pdfescape.sty)
(/usr/share/texlive/texmf-dist/tex/latex/hycolor/hycolor.sty)
(/usr/share/texlive/texmf-dist/tex/latex/letltxmacro/letltxmacro.sty)
(/usr/share/texlive/texmf-dist/tex/latex/auxhook/auxhook.sty)
(/usr/share/texlive/texmf-dist/tex/latex/kvoptions/kvoptions.sty)
(/usr/share/texlive/texmf-dist/tex/latex/hyperref/pd1enc.def)
(/usr/share/texlive/texmf-dist/tex/latex/hyperref/hyperref-langpatches.def)
(/usr/share/texlive/texmf-dist/tex/generic/intcalc/intcalc.sty)
(/usr/share/texlive/texmf-dist/tex/generic/etexcmds/etexcmds.sty)
(/usr/share/texlive/texmf-dist/tex/latex/hyperref/puenc.def
(/usr/share/texlive/texmf-dist/tex/latex/hyperref/puenc-greekbasic.def))
(/usr/share/texlive/texmf-dist/tex/latex/url/url.sty)
(/usr/share/texlive/texmf-dist/tex/generic/bitset/bitset.sty
(/usr/share/texlive/texmf-dist/tex/generic/bigintcalc/bigintcalc.sty))
(/usr/share/texlive/texmf-dist/tex/generic/atbegshi/atbegshi.sty))
(/usr/share/texlive/texmf-dist/tex/latex/hyperref/hpdftex.def
(/usr/share/texlive/texmf-dist/tex/latex/atveryend/atveryend.sty)
(/usr/share/texlive/texmf-dist/tex/latex/rerunfilecheck/rerunfilecheck.sty
(/usr/share/texlive/texmf-dist/tex/generic/uniquecounter/uniquecounter.sty)))
(/usr/share/texlive/texmf-dist/tex/latex/cleveref/cleveref.sty)
(/usr/share/texlive/texmf-dist/tex/latex/was/gensymb.sty)
(/usr/share/texlive/texmf-dist/tex/latex/base/textcomp.sty)
(/usr/share/texlive/texmf-dist/tex/latex/mhchem/mhchem.sty
(/usr/share/texlive/texmf-dist/tex/latex/tools/calc.sty)
(/usr/share/texlive/texmf-dist/tex/latex/chemgreek/chemgreek.sty)
(/usr/share/texlive/texmf-dist/tex/latex/graphics/graphics.sty
(/usr/share/texlive/texmf-dist/tex/latex/graphics/trig.sty)
(/usr/share/texlive/texmf-dist/tex/latex/graphics-cfg/graphics.cfg)))
(/usr/share/texlive/texmf-dist/tex/latex/psnfss/helvet.sty)
(/usr/share/texlive/texmf-dist/tex/latex/base/fontenc.sty
(/usr/share/texmf/tex/latex/lm/t1lmr.fd))
(/usr/share/texlive/texmf-dist/tex/latex/lettrine/lettrine.sty
(/usr/share/texlive/texmf-dist/tex/latex/lettrine/lettrine-2018-08-18.sty
(/usr/share/texlive/texmf-dist/tex/generic/minifp/minifp.sty)
Loading lettrine.cfg
(/usr/share/texlive/texmf-dist/tex/latex/lettrine/lettrine.cfg)))
(/usr/share/texlive/texmf-dist/tex/latex/sidecap/sidecap.sty
(/usr/share/texlive/texmf-dist/tex/latex/base/ifthen.sty))
(/usr/share/texlive/texmf-dist/tex/latex/ifsym/ifsym.sty)
(/usr/share/texlive/texmf-dist/tex/latex/bbding/bbding.sty)
(/usr/share/texlive/texmf-dist/tex/latex/caption/caption.sty

LaTeX Warning: Suspicious rollback/min-date date given
               A minimal date of 2020/10/06 has been specified for package
               'caption3'.
               But this is in conflict with a rollback request to 2020-02-02.

(/usr/share/texlive/texmf-dist/tex/latex/caption/caption3.sty)
(/usr/share/texlive/texmf-dist/tex/latex/newfloat/newfloat.sty))
(/usr/share/texlive/texmf-dist/tex/latex/hyperref/nameref.sty
(/usr/share/texlive/texmf-dist/tex/latex/refcount/refcount.sty)
(/usr/share/texlive/texmf-dist/tex/generic/gettitlestring/gettitlestring.sty))
(/usr/share/texlive/texmf-dist/tex/latex/geometry/geometry.sty
(/usr/share/texlive/texmf-dist/tex/generic/iftex/ifvtex.sty))
(/usr/share/texlive/texmf-dist/tex/latex/psnfss/times.sty)
(/usr/share/texlive/texmf-dist/tex/latex/titlesec/titlesec.sty)
(/usr/share/texlive/texmf-dist/tex/latex/xwatermark/xwatermark.sty
(/usr/share/texlive/texmf-dist/tex/latex/catoptions/catoptions.sty)
(/usr/share/texlive/texmf-dist/tex/latex/base/fix-cm.sty
(/usr/share/texlive/texmf-dist/tex/latex/base/ts1enc.def))
(/usr/share/texlive/texmf-dist/tex/latex/picture/picture.sty)
(/usr/share/texlive/texmf-dist/tex/latex/graphics/graphicx.sty)
(/usr/share/texlive/texmf-dist/tex/latex/fancyhdr/fancyhdr.sty)
(/usr/share/texlive/texmf-dist/tex/latex/ltxkeys/ltxkeys.sty)
(/usr/share/texlive/texmf-dist/tex/latex/framed/framed.sty)
(./tails_revised.xwm))
(/usr/share/texlive/texmf-dist/tex/latex/tools/verbatim.sty)
(/usr/share/texlive/texmf-dist/tex/latex/cite/chapterbib.sty)
(/usr/share/texlive/texmf-dist/tex/latex/natbib/natbib.sty)
(/usr/share/texlive/texmf-dist/tex/latex/lastpage/lastpage.sty))
(/usr/share/texlive/texmf-dist/tex/latex/relsize/relsize.sty)
(/usr/share/texlive/texmf-dist/tex/latex/multirow/multirow.sty)
(/usr/share/texlive/texmf-dist/tex/latex/xargs/xargs.sty
(/usr/share/texlive/texmf-dist/tex/latex/xkeyval/xkeyval.sty
(/usr/share/texlive/texmf-dist/tex/generic/xkeyval/xkeyval.tex
(/usr/share/texlive/texmf-dist/tex/generic/xkeyval/xkvutils.tex))))
(/usr/share/texlive/texmf-dist/tex/latex/placeins/placeins.sty)
(/usr/share/texlive/texmf-dist/tex/latex/amscls/amsthm.sty)
(/usr/share/texlive/texmf-dist/tex/latex/environ/environ.sty
(/usr/share/texlive/texmf-dist/tex/latex/trimspaces/trimspaces.sty))
(/usr/share/texlive/texmf-dist/tex/latex/etoolbox/etoolbox.sty)
(/usr/share/texlive/texmf-dist/tex/latex/lineno/lineno.sty)

LaTeX Warning: Unused global option(s):
    [12pt].

(./tails_revised.aux

LaTeX Warning: Label `sec:supplement' multiply defined.


LaTeX Warning: Label `sec:supplement@cref' multiply defined.


LaTeX Warning: Label `sec:supplement' multiply defined.


LaTeX Warning: Label `sec:supplement@cref' multiply defined.

) (/usr/share/texlive/texmf-dist/tex/latex/cbfonts-fd/lgrcmr.fd)
(/usr/share/texlive/texmf-dist/tex/latex/psnfss/t1ptm.fd)
(/usr/share/texlive/texmf-dist/tex/context/base/mkii/supp-pdf.mkii
[Loading MPS to PDF converter (version 2006.09.02).]
) (/usr/share/texlive/texmf-dist/tex/latex/epstopdf-pkg/epstopdf-base.sty
(/usr/share/texlive/texmf-dist/tex/latex/latexconfig/epstopdf-sys.cfg))
(/usr/share/texlive/texmf-dist/tex/latex/translator/translator-basic-dictionary
-English.dict)
(/usr/share/texlive/texmf-dist/tex/latex/siunitx/siunitx-abbreviations.cfg)
(./tails_revised.out) (./tails_revised.out)
(/usr/share/texlive/texmf-dist/tex/latex/ragged2e/ragged2e.sty
(/usr/share/texlive/texmf-dist/tex/latex/everysel/everysel.sty
(/usr/share/texlive/texmf-dist/tex/latex/everysel/everysel-2011-10-28.sty
ABD: EverySelectfont initializing macros)))
*geometry* driver: auto-detecting
*geometry* detected driver: pdftex
(/usr/share/texmf/tex/latex/lm/ot1lmr.fd)
(/usr/share/texmf/tex/latex/lm/omllmm.fd)
(/usr/share/texmf/tex/latex/lm/omslmsy.fd)
(/usr/share/texmf/tex/latex/lm/omxlmex.fd)
(/usr/share/texlive/texmf-dist/tex/latex/psnfss/ot1ptm.fd)
(/usr/share/texlive/texmf-dist/tex/latex/psnfss/ts1ptm.fd)
(/usr/share/texmf/tex/latex/lm/ot1lmss.fd)
(/usr/share/texmf/tex/latex/lm/ot1lmtt.fd)
(/usr/share/texlive/texmf-dist/tex/latex/psnfss/t1phv.fd)
(/usr/share/texlive/texmf-dist/tex/latex/ifsym/uifsym.fd)
(/usr/share/texlive/texmf-dist/tex/latex/psnfss/t1pcr.fd) [1{/var/lib/texmf/fon
ts/map/pdftex/updmap/pdftex.map}]

LaTeX Warning: `!h' float specifier changed to `!ht'.


Underfull \vbox (badness 10000) has occurred while \output is active [2]
[3 <./Figures/Fig1.pdf>]

LaTeX Warning: `!h' float specifier changed to `!ht'.


Underfull \vbox (badness 7740) has occurred while \output is active [4]
Underfull \vbox (badness 10000) has occurred while \output is active [5 <./Figu
res/Fig2.pdf>] [6]

LaTeX Warning: Float too large for page by 4.5054pt on input line 477.


Underfull \vbox (badness 10000) has occurred while \output is active [7 <./Figu
res/Fig3.pdf>]

LaTeX Warning: `!h' float specifier changed to `!ht'.

[8] [9 <./Figures/Fig4a.pdf>]

LaTeX Warning: `!h' float specifier changed to `!ht'.

[10] [11 <./Figures/Fig5a.pdf>] [12]
Underfull \vbox (badness 10000) has occurred while \output is active [13]
[14]
Underfull \vbox (badness 1546) has occurred while \output is active [15]
[16] [17] [18] [19] [20] [21] [22] [23] [24] [25] [26]
Underfull \hbox (badness 10000) in paragraph at lines 1650--1652
\T1/ptm/m/n/12 A nextflow pipeline to run all anal-y-ses, with R code to run th
e POPout test

Underfull \hbox (badness 10000) in paragraph at lines 1650--1652
\T1/ptm/m/n/12 (on phe-no-type and PRS data) and python code to run trait QC ca
n found here:

Underfull \hbox (badness 10000) in paragraph at lines 1655--1664

(./tails_revised.bbl [27]
Overfull \hbox (39.77083pt too wide) in paragraph at lines 197--200
[]\T1/phv/m/n/9 Information for Re-searchers.  Ukb geno-typ-ing and qual-ity co
n-trol (v.1.2): https://biobank.ctsu.ox.ac.uk/crystal/crystal/docs/genotyping_q
c.pdf,

Underfull \vbox (badness 10000) has occurred while \output is active [28])
[29] [30 <./Figures/Sup1.pdf>]

LaTeX Warning: `!h' float specifier changed to `!ht'.

[31 <./Figures/specialPreds.pdf>]

LaTeX Warning: `!h' float specifier changed to `!ht'.

[32 <./Figures/commonThresh.pdf>] [33 <./Figures/nexusSupplement.pdf>] [34 <./F
igures/vishtable.pdf>]

LaTeX Warning: `!h' float specifier changed to `!ht'.

[35 <./Figures/bictable.pdf>]

LaTeX Warning: Text page 36 contains only floats.


Underfull \vbox (badness 3646) has occurred while \output is active [36 <./Figu
res/Fig4gAlt.pdf>]

LaTeX Warning: `!h' float specifier changed to `!ht'.

[37 <./Figures/cliveh2.pdf>]

LaTeX Warning: `!h' float specifier changed to `!ht'.

[38 <./Figures/sup_anil1.pdf> <./Figures/sup_anil2.pdf>] [39 <./Figures/sup_ani
l3.pdf>]

LaTeX Warning: `!h' float specifier changed to `!ht'.

[40]

LaTeX Warning: Text page 41 contains only floats.


Overfull \vbox (6.07718pt too high) has occurred while \output is active
[41 <./Figures/sup0.1.pdf>]

LaTeX Warning: `!h' float specifier changed to `!ht'.

[42 <./Figures/sup0.2.pdf>]

LaTeX Warning: Text page 43 contains only floats.


Overfull \vbox (6.07718pt too high) has occurred while \output is active
[43 <./Figures/sup0.3.pdf>] 
AED: lastpage setting LastPage
(./tails_revised.xwm) (./tails_revised.aux)

LaTeX Warning: There were multiply-defined labels.

 )
(\end occurred inside a group at level 2)

### simple group (level 2) entered at line 195 ({)
### simple group (level 1) entered at line 150 ({)
### bottom level
(\end occurred when \ifdefined on line 31 was incomplete)
(see the transcript file for additional information){/usr/share/texmf/fonts/enc
/dvips/lm/lm-rm.enc}{/usr/share/texmf/fonts/enc/dvips/lm/lm-mathit.enc}{/usr/sh
are/texlive/texmf-dist/fonts/enc/dvips/base/8r.enc}{/usr/share/texmf/fonts/enc/
dvips/lm/lm-mathex.enc}{/usr/share/texmf/fonts/enc/dvips/lm/lm-mathsy.enc} </ho
me/tade/.texlive2021/texmf-var/fonts/pk/ljfour/public/ifsym/ifsym10.420pk></usr
/share/texlive/texmf-dist/fonts/type1/public/amsfonts/cm/cmmi10.pfb></usr/share
/texlive/texmf-dist/fonts/type1/public/amsfonts/cm/cmmi12.pfb></usr/share/texli
ve/texmf-dist/fonts/type1/public/amsfonts/cm/cmr10.pfb></usr/share/texlive/texm
f-dist/fonts/type1/public/amsfonts/cm/cmr12.pfb></usr/share/texlive/texmf-dist/
fonts/type1/public/amsfonts/cm/cmss12.pfb></usr/share/texlive/texmf-dist/fonts/
type1/public/amsfonts/cm/cmss17.pfb></usr/share/texlive/texmf-dist/fonts/type1/
public/amsfonts/cm/cmsy10.pfb></usr/share/texmf/fonts/type1/public/lm/lmex10.pf
b></usr/share/texmf/fonts/type1/public/lm/lmmi10.pfb></usr/share/texmf/fonts/ty
pe1/public/lm/lmmi12.pfb></usr/share/texmf/fonts/type1/public/lm/lmmi7.pfb></us
r/share/texmf/fonts/type1/public/lm/lmmi8.pfb></usr/share/texmf/fonts/type1/pub
lic/lm/lmmi9.pfb></usr/share/texmf/fonts/type1/public/lm/lmr10.pfb></usr/share/
texmf/fonts/type1/public/lm/lmr12.pfb></usr/share/texmf/fonts/type1/public/lm/l
mr7.pfb></usr/share/texmf/fonts/type1/public/lm/lmr9.pfb></usr/share/texmf/font
s/type1/public/lm/lmsy10.pfb></usr/share/texmf/fonts/type1/public/lm/lmsy9.pfb>
</usr/share/texlive/texmf-dist/fonts/type1/urw/courier/ucrbo8a.pfb></usr/share/
texlive/texmf-dist/fonts/type1/urw/courier/ucrr8a.pfb></usr/share/texlive/texmf
-dist/fonts/type1/urw/helvetic/uhvb8a.pfb></usr/share/texlive/texmf-dist/fonts/
type1/urw/helvetic/uhvbo8a.pfb></usr/share/texlive/texmf-dist/fonts/type1/urw/h
elvetic/uhvr8a.pfb></usr/share/texlive/texmf-dist/fonts/type1/urw/helvetic/uhvr
o8a.pfb></usr/share/texlive/texmf-dist/fonts/type1/urw/times/utmb8a.pfb></usr/s
hare/texlive/texmf-dist/fonts/type1/urw/times/utmbi8a.pfb></usr/share/texlive/t
exmf-dist/fonts/type1/urw/times/utmr8a.pfb></usr/share/texlive/texmf-dist/fonts
/type1/urw/times/utmri8a.pfb>
Output written on tails_revised.pdf (43 pages, 4257209 bytes).
Transcript written on tails_revised.log.
